time="2025-06-09T18:42:49.995643434-06:00" level=info msg="Starting up"
time="2025-06-09T18:42:49.998207740-06:00" level=info msg="containerd not running, starting managed containerd"
time="2025-06-09T18:42:50.001256966-06:00" level=info msg="started new containerd process" address=/var/run/docker/containerd/containerd.sock module=libcontainerd pid=5318
time="2025-06-09T18:42:50.041876045-06:00" level=info msg="starting containerd" revision=05044ec0a9a75232cad458027ca83437aae3f4da version=1.7.27
time="2025-06-09T18:42:50.062591101-06:00" level=info msg="loading plugin \"io.containerd.snapshotter.v1.aufs\"..." type=io.containerd.snapshotter.v1
time="2025-06-09T18:42:50.063126323-06:00" level=info msg="skip loading plugin \"io.containerd.snapshotter.v1.aufs\"..." error="aufs is not supported (modprobe aufs failed: exec: \"modprobe\": executable file not found in $PATH \"\"): skip plugin" type=io.containerd.snapshotter.v1
time="2025-06-09T18:42:50.063329232-06:00" level=info msg="loading plugin \"io.containerd.event.v1.exchange\"..." type=io.containerd.event.v1
time="2025-06-09T18:42:50.063539940-06:00" level=info msg="loading plugin \"io.containerd.internal.v1.opt\"..." type=io.containerd.internal.v1
time="2025-06-09T18:42:50.066477862-06:00" level=info msg="loading plugin \"io.containerd.warning.v1.deprecations\"..." type=io.containerd.warning.v1
time="2025-06-09T18:42:50.069425083-06:00" level=info msg="loading plugin \"io.containerd.snapshotter.v1.blockfile\"..." type=io.containerd.snapshotter.v1
time="2025-06-09T18:42:50.069726696-06:00" level=info msg="skip loading plugin \"io.containerd.snapshotter.v1.blockfile\"..." error="no scratch file generator: skip plugin" type=io.containerd.snapshotter.v1
time="2025-06-09T18:42:50.069996507-06:00" level=info msg="loading plugin \"io.containerd.snapshotter.v1.btrfs\"..." type=io.containerd.snapshotter.v1
time="2025-06-09T18:42:50.070549830-06:00" level=info msg="skip loading plugin \"io.containerd.snapshotter.v1.btrfs\"..." error="path /var/lib/docker/containerd/daemon/io.containerd.snapshotter.v1.btrfs (ext4) must be a btrfs filesystem to be used with the btrfs snapshotter: skip plugin" type=io.containerd.snapshotter.v1
time="2025-06-09T18:42:50.070781039-06:00" level=info msg="loading plugin \"io.containerd.snapshotter.v1.devmapper\"..." type=io.containerd.snapshotter.v1
time="2025-06-09T18:42:50.071002249-06:00" level=info msg="skip loading plugin \"io.containerd.snapshotter.v1.devmapper\"..." error="devmapper not configured: skip plugin" type=io.containerd.snapshotter.v1
time="2025-06-09T18:42:50.071204857-06:00" level=info msg="loading plugin \"io.containerd.snapshotter.v1.native\"..." type=io.containerd.snapshotter.v1
time="2025-06-09T18:42:50.071404465-06:00" level=info msg="loading plugin \"io.containerd.snapshotter.v1.overlayfs\"..." type=io.containerd.snapshotter.v1
time="2025-06-09T18:42:50.071792081-06:00" level=info msg="loading plugin \"io.containerd.snapshotter.v1.zfs\"..." type=io.containerd.snapshotter.v1
time="2025-06-09T18:42:50.072286902-06:00" level=info msg="skip loading plugin \"io.containerd.snapshotter.v1.zfs\"..." error="path /var/lib/docker/containerd/daemon/io.containerd.snapshotter.v1.zfs must be a zfs filesystem to be used with the zfs snapshotter: skip plugin" type=io.containerd.snapshotter.v1
time="2025-06-09T18:42:50.072686018-06:00" level=info msg="loading plugin \"io.containerd.content.v1.content\"..." type=io.containerd.content.v1
time="2025-06-09T18:42:50.072991031-06:00" level=info msg="loading plugin \"io.containerd.metadata.v1.bolt\"..." type=io.containerd.metadata.v1
time="2025-06-09T18:42:50.073266942-06:00" level=info msg="metadata content store policy set" policy=shared
time="2025-06-09T18:42:50.092488037-06:00" level=info msg="loading plugin \"io.containerd.gc.v1.scheduler\"..." type=io.containerd.gc.v1
time="2025-06-09T18:42:50.092866352-06:00" level=info msg="loading plugin \"io.containerd.differ.v1.walking\"..." type=io.containerd.differ.v1
time="2025-06-09T18:42:50.093116363-06:00" level=info msg="loading plugin \"io.containerd.lease.v1.manager\"..." type=io.containerd.lease.v1
time="2025-06-09T18:42:50.093365373-06:00" level=info msg="loading plugin \"io.containerd.streaming.v1.manager\"..." type=io.containerd.streaming.v1
time="2025-06-09T18:42:50.093552581-06:00" level=info msg="loading plugin \"io.containerd.runtime.v1.linux\"..." type=io.containerd.runtime.v1
time="2025-06-09T18:42:50.094454918-06:00" level=info msg="loading plugin \"io.containerd.monitor.v1.cgroups\"..." type=io.containerd.monitor.v1
time="2025-06-09T18:42:50.095002240-06:00" level=info msg="loading plugin \"io.containerd.runtime.v2.task\"..." type=io.containerd.runtime.v2
time="2025-06-09T18:42:50.095855276-06:00" level=info msg="loading plugin \"io.containerd.runtime.v2.shim\"..." type=io.containerd.runtime.v2
time="2025-06-09T18:42:50.096147088-06:00" level=info msg="loading plugin \"io.containerd.sandbox.store.v1.local\"..." type=io.containerd.sandbox.store.v1
time="2025-06-09T18:42:50.096373897-06:00" level=info msg="loading plugin \"io.containerd.sandbox.controller.v1.local\"..." type=io.containerd.sandbox.controller.v1
time="2025-06-09T18:42:50.096743412-06:00" level=info msg="loading plugin \"io.containerd.service.v1.containers-service\"..." type=io.containerd.service.v1
time="2025-06-09T18:42:50.096979422-06:00" level=info msg="loading plugin \"io.containerd.service.v1.content-service\"..." type=io.containerd.service.v1
time="2025-06-09T18:42:50.097212932-06:00" level=info msg="loading plugin \"io.containerd.service.v1.diff-service\"..." type=io.containerd.service.v1
time="2025-06-09T18:42:50.097461442-06:00" level=info msg="loading plugin \"io.containerd.service.v1.images-service\"..." type=io.containerd.service.v1
time="2025-06-09T18:42:50.097759254-06:00" level=info msg="loading plugin \"io.containerd.service.v1.introspection-service\"..." type=io.containerd.service.v1
time="2025-06-09T18:42:50.097968463-06:00" level=info msg="loading plugin \"io.containerd.service.v1.namespaces-service\"..." type=io.containerd.service.v1
time="2025-06-09T18:42:50.098163871-06:00" level=info msg="loading plugin \"io.containerd.service.v1.snapshots-service\"..." type=io.containerd.service.v1
time="2025-06-09T18:42:50.098364679-06:00" level=info msg="loading plugin \"io.containerd.service.v1.tasks-service\"..." type=io.containerd.service.v1
time="2025-06-09T18:42:50.098695393-06:00" level=info msg="loading plugin \"io.containerd.grpc.v1.containers\"..." type=io.containerd.grpc.v1
time="2025-06-09T18:42:50.098897401-06:00" level=info msg="loading plugin \"io.containerd.grpc.v1.content\"..." type=io.containerd.grpc.v1
time="2025-06-09T18:42:50.099135411-06:00" level=info msg="loading plugin \"io.containerd.grpc.v1.diff\"..." type=io.containerd.grpc.v1
time="2025-06-09T18:42:50.099368321-06:00" level=info msg="loading plugin \"io.containerd.grpc.v1.events\"..." type=io.containerd.grpc.v1
time="2025-06-09T18:42:50.099586230-06:00" level=info msg="loading plugin \"io.containerd.grpc.v1.images\"..." type=io.containerd.grpc.v1
time="2025-06-09T18:42:50.099964646-06:00" level=info msg="loading plugin \"io.containerd.grpc.v1.introspection\"..." type=io.containerd.grpc.v1
time="2025-06-09T18:42:50.100686075-06:00" level=info msg="loading plugin \"io.containerd.grpc.v1.leases\"..." type=io.containerd.grpc.v1
time="2025-06-09T18:42:50.100969487-06:00" level=info msg="loading plugin \"io.containerd.grpc.v1.namespaces\"..." type=io.containerd.grpc.v1
time="2025-06-09T18:42:50.101348303-06:00" level=info msg="loading plugin \"io.containerd.grpc.v1.sandbox-controllers\"..." type=io.containerd.grpc.v1
time="2025-06-09T18:42:50.101720618-06:00" level=info msg="loading plugin \"io.containerd.grpc.v1.sandboxes\"..." type=io.containerd.grpc.v1
time="2025-06-09T18:42:50.101955628-06:00" level=info msg="loading plugin \"io.containerd.grpc.v1.snapshots\"..." type=io.containerd.grpc.v1
time="2025-06-09T18:42:50.102198238-06:00" level=info msg="loading plugin \"io.containerd.grpc.v1.streaming\"..." type=io.containerd.grpc.v1
time="2025-06-09T18:42:50.102407546-06:00" level=info msg="loading plugin \"io.containerd.grpc.v1.tasks\"..." type=io.containerd.grpc.v1
time="2025-06-09T18:42:50.102631556-06:00" level=info msg="loading plugin \"io.containerd.transfer.v1.local\"..." type=io.containerd.transfer.v1
time="2025-06-09T18:42:50.102927668-06:00" level=info msg="loading plugin \"io.containerd.grpc.v1.transfer\"..." type=io.containerd.grpc.v1
time="2025-06-09T18:42:50.103184579-06:00" level=info msg="loading plugin \"io.containerd.grpc.v1.version\"..." type=io.containerd.grpc.v1
time="2025-06-09T18:42:50.103392787-06:00" level=info msg="loading plugin \"io.containerd.internal.v1.restart\"..." type=io.containerd.internal.v1
time="2025-06-09T18:42:50.103676599-06:00" level=info msg="loading plugin \"io.containerd.tracing.processor.v1.otlp\"..." type=io.containerd.tracing.processor.v1
time="2025-06-09T18:42:50.103940810-06:00" level=info msg="skip loading plugin \"io.containerd.tracing.processor.v1.otlp\"..." error="skip plugin: tracing endpoint not configured" type=io.containerd.tracing.processor.v1
time="2025-06-09T18:42:50.104126418-06:00" level=info msg="loading plugin \"io.containerd.internal.v1.tracing\"..." type=io.containerd.internal.v1
time="2025-06-09T18:42:50.104312925-06:00" level=info msg="skip loading plugin \"io.containerd.internal.v1.tracing\"..." error="skip plugin: tracing endpoint not configured" type=io.containerd.internal.v1
time="2025-06-09T18:42:50.104478232-06:00" level=info msg="loading plugin \"io.containerd.grpc.v1.healthcheck\"..." type=io.containerd.grpc.v1
time="2025-06-09T18:42:50.104878449-06:00" level=info msg="loading plugin \"io.containerd.nri.v1.nri\"..." type=io.containerd.nri.v1
time="2025-06-09T18:42:50.105722283-06:00" level=info msg="NRI interface is disabled by configuration."
time="2025-06-09T18:42:50.106397611-06:00" level=info msg=serving... address=/var/run/docker/containerd/containerd-debug.sock
time="2025-06-09T18:42:50.106764327-06:00" level=info msg=serving... address=/var/run/docker/containerd/containerd.sock.ttrpc
time="2025-06-09T18:42:50.107536058-06:00" level=info msg=serving... address=/var/run/docker/containerd/containerd.sock
time="2025-06-09T18:42:50.108068980-06:00" level=info msg="containerd successfully booted in 0.069499s"
time="2025-06-09T18:42:50.119845167-06:00" level=info msg="OTEL tracing is not configured, using no-op tracer provider"
time="2025-06-09T18:42:50.142708712-06:00" level=info msg="Creating a containerd client" address=/var/run/docker/containerd/containerd.sock timeout=1m0s
time="2025-06-09T18:42:50.844126499-06:00" level=info msg="[graphdriver] using prior storage driver: overlay2"
time="2025-06-09T18:42:50.942788376-06:00" level=info msg="Loading containers: start."
time="2025-06-09T18:42:51.985002058-06:00" level=info msg="Removing stale sandbox" cid=0a8cf10841ba isRestore=false sid=59acc0010015
time="2025-06-09T18:42:52.133080731-06:00" level=warning msg="Failed deleting service host entries to the running container: open : no such file or directory"
time="2025-06-09T18:42:52.133424746-06:00" level=warning msg="Error (Unable to complete atomic operation, key modified) deleting object [endpoint eafe5d46681c47c0876bf1595643f7564e6ad0c0fc21284a17eacf0968d1f858 dc293b2fcda80e7c30f58fef151348356d2ffa82b77e9eb2d2734f057bc2743a], retrying...."
time="2025-06-09T18:42:52.167470311-06:00" level=info msg="Removing stale sandbox" cid=cdbb55f376ad isRestore=false sid=63617c45be38
time="2025-06-09T18:42:52.276028083-06:00" level=warning msg="Failed deleting service host entries to the running container: open : no such file or directory"
time="2025-06-09T18:42:52.276363098-06:00" level=warning msg="Error (Unable to complete atomic operation, key modified) deleting object [endpoint eafe5d46681c47c0876bf1595643f7564e6ad0c0fc21284a17eacf0968d1f858 30ee6e1db91154302fa6451d9bcbab83f38a89e360d7869be8bcf331dfb6adb8], retrying...."
time="2025-06-09T18:42:52.337266019-06:00" level=info msg="Removing stale sandbox" cid=8042c10db7f9 isRestore=false sid=68c197d0c9e0
time="2025-06-09T18:42:52.471251185-06:00" level=warning msg="Failed deleting service host entries to the running container: open : no such file or directory"
time="2025-06-09T18:42:52.471613001-06:00" level=warning msg="Error (Unable to complete atomic operation, key modified) deleting object [endpoint eafe5d46681c47c0876bf1595643f7564e6ad0c0fc21284a17eacf0968d1f858 fc1efea1f657ec2cd4b4d16ba2f24cafce3ce06fd9568002c0049931486af197], retrying...."
time="2025-06-09T18:42:52.515803203-06:00" level=info msg="Removing stale sandbox" cid=143082f4058d isRestore=false sid=db08376ba0b7
time="2025-06-09T18:42:52.878416309-06:00" level=warning msg="Failed deleting service host entries to the running container: open : no such file or directory"
time="2025-06-09T18:42:52.878737423-06:00" level=warning msg="Error (Unable to complete atomic operation, key modified) deleting object [endpoint eafe5d46681c47c0876bf1595643f7564e6ad0c0fc21284a17eacf0968d1f858 c03aa31a83e58e214ceb49d939bc4c8e0c1acc6ca8a5c9de0c130c71b1e2e039], retrying...."
time="2025-06-09T18:42:52.923429246-06:00" level=info msg="Removing stale sandbox" cid=23167191df2d isRestore=false sid=de396e7f30ac
time="2025-06-09T18:42:53.029070693-06:00" level=warning msg="Failed deleting service host entries to the running container: open : no such file or directory"
time="2025-06-09T18:42:53.029620416-06:00" level=warning msg="Error (Unable to complete atomic operation, key modified) deleting object [endpoint eafe5d46681c47c0876bf1595643f7564e6ad0c0fc21284a17eacf0968d1f858 ac35ae9e7d539e0c276c69ba6f6294f2c3e43ac41bb4d1258015b3183b1a4032], retrying...."
time="2025-06-09T18:42:53.072101645-06:00" level=info msg="Removing stale sandbox" cid=b893ab2535fc isRestore=false sid=17e21756b0a2
time="2025-06-09T18:42:53.167545852-06:00" level=warning msg="Failed deleting service host entries to the running container: open : no such file or directory"
time="2025-06-09T18:42:53.167905868-06:00" level=warning msg="Error (Unable to complete atomic operation, key modified) deleting object [endpoint eafe5d46681c47c0876bf1595643f7564e6ad0c0fc21284a17eacf0968d1f858 7f669af9a2b5e2f733daf3754fd998d54a7ec9de5f6e1b41a5262a62997ed298], retrying...."
time="2025-06-09T18:42:53.232014427-06:00" level=info msg="Removing stale sandbox" cid=5c4fcc591a04 isRestore=false sid=35771d3cb794
time="2025-06-09T18:42:53.337066348-06:00" level=warning msg="Failed deleting service host entries to the running container: open : no such file or directory"
time="2025-06-09T18:42:53.337531468-06:00" level=warning msg="Error (Unable to complete atomic operation, key modified) deleting object [endpoint eafe5d46681c47c0876bf1595643f7564e6ad0c0fc21284a17eacf0968d1f858 522cca01b919b0c0de10a174c2dcf84cc46c772ca93a4e879013ccc45c8fac06], retrying...."
time="2025-06-09T18:42:53.387414215-06:00" level=info msg="Removing stale sandbox" cid=11c52edebe00 isRestore=false sid=3e2b7e023e67
time="2025-06-09T18:42:53.570979315-06:00" level=warning msg="Failed deleting service host entries to the running container: open : no such file or directory"
time="2025-06-09T18:42:53.571338031-06:00" level=warning msg="Error (Unable to complete atomic operation, key modified) deleting object [endpoint eafe5d46681c47c0876bf1595643f7564e6ad0c0fc21284a17eacf0968d1f858 0e5ae90f363a3b1d2e0ce4ec460d9b1904f8d1f2388c48a232971ef4be7a6096], retrying...."
time="2025-06-09T18:42:53.945105017-06:00" level=warning msg="Error (Unable to complete atomic operation, key modified) deleting object [endpoint_count ac4b1e6a312fcb8db6fed3f17aa690d338b7c150d2767bad0d3bbb16b43529be], retrying...."
time="2025-06-09T18:42:54.029219137-06:00" level=warning msg="error locating sandbox id db08376ba0b7822d6652a18da42df60102cc71d38c6b679700a1222f23089b09: sandbox db08376ba0b7822d6652a18da42df60102cc71d38c6b679700a1222f23089b09 not found"
time="2025-06-09T18:42:54.029595053-06:00" level=warning msg="error locating sandbox id de396e7f30acb8567da5a178e791c7723d93f0412485390c66e5407ecdab6389: sandbox de396e7f30acb8567da5a178e791c7723d93f0412485390c66e5407ecdab6389 not found"
time="2025-06-09T18:42:54.029825163-06:00" level=warning msg="error locating sandbox id 63617c45be382f6da0f4f58099312bc2a7c04536b60702cdbefb6808fe9ff51e: sandbox 63617c45be382f6da0f4f58099312bc2a7c04536b60702cdbefb6808fe9ff51e not found"
time="2025-06-09T18:42:54.030115475-06:00" level=warning msg="error locating sandbox id 68c197d0c9e0be66f98144706169d6839b1c16b61fb052886e26122b7bce83ed: sandbox 68c197d0c9e0be66f98144706169d6839b1c16b61fb052886e26122b7bce83ed not found"
time="2025-06-09T18:42:54.030368386-06:00" level=warning msg="error locating sandbox id 59acc0010015f4eb9e2e214f513c46e34f82d041f3b2889760d74dc0f3809d19: sandbox 59acc0010015f4eb9e2e214f513c46e34f82d041f3b2889760d74dc0f3809d19 not found"
time="2025-06-09T18:42:54.030572995-06:00" level=warning msg="error locating sandbox id 35771d3cb7944e2c20dfb0fc291676b13f39d11e2c652b3b7d9fb0b5769df6ab: sandbox 35771d3cb7944e2c20dfb0fc291676b13f39d11e2c652b3b7d9fb0b5769df6ab not found"
time="2025-06-09T18:42:54.030879808-06:00" level=warning msg="error locating sandbox id 3e2b7e023e6759ad082a5b84fc4193aa164849726bb4421adb722703bf3089cf: sandbox 3e2b7e023e6759ad082a5b84fc4193aa164849726bb4421adb722703bf3089cf not found"
time="2025-06-09T18:42:54.031061516-06:00" level=warning msg="error locating sandbox id 17e21756b0a287cb395530bcec7aeb508088b08965fef60ceee5e7220720c80b: sandbox 17e21756b0a287cb395530bcec7aeb508088b08965fef60ceee5e7220720c80b not found"
time="2025-06-09T18:42:54.295798510-06:00" level=info msg="No non-localhost DNS nameservers are left in resolv.conf. Using default external servers"
time="2025-06-09T18:42:54.310281533-06:00" level=info msg="No non-localhost DNS nameservers are left in resolv.conf. Using default external servers"
time="2025-06-09T18:42:54.325338081-06:00" level=info msg="No non-localhost DNS nameservers are left in resolv.conf. Using default external servers"
time="2025-06-09T18:42:54.367114179-06:00" level=info msg="No non-localhost DNS nameservers are left in resolv.conf. Using default external servers"
time="2025-06-09T18:42:54.432623699-06:00" level=error msg="failed to enable controllers ([cpuset cpu io memory hugetlb pids rdma])" error="failed to write subtree controllers [cpuset cpu io memory hugetlb pids rdma] to \"/sys/fs/cgroup/docker/cgroup.subtree_control\": write /sys/fs/cgroup/docker/cgroup.subtree_control: no such file or directory"
time="2025-06-09T18:42:54.432966413-06:00" level=warning msg="error from *cgroupsv2.Manager.EventChan" error="failed to add inotify watch for \"/sys/fs/cgroup/docker/11c52edebe0091ee261dd535ed65d27d18767277a6cda2f37b7a3fe39135f678/memory.events\": no such file or directory"
time="2025-06-09T18:42:54.496904665-06:00" level=info msg="No non-localhost DNS nameservers are left in resolv.conf. Using default external servers"
time="2025-06-09T18:42:54.512927255-06:00" level=info msg="No non-localhost DNS nameservers are left in resolv.conf. Using default external servers"
time="2025-06-09T18:42:54.515698174-06:00" level=error msg="failed to enable controllers ([cpuset cpu io memory hugetlb pids rdma])" error="failed to write subtree controllers [cpuset cpu io memory hugetlb pids rdma] to \"/sys/fs/cgroup/docker/cgroup.subtree_control\": write /sys/fs/cgroup/docker/cgroup.subtree_control: no such file or directory"
time="2025-06-09T18:42:54.516072090-06:00" level=warning msg="error from *cgroupsv2.Manager.EventChan" error="failed to add inotify watch for \"/sys/fs/cgroup/docker/8042c10db7f9bd8cb5111c4ce945b660d8a1b5466626f7dfadf2c91e28b8ca72/memory.events\": no such file or directory"
time="2025-06-09T18:42:54.531653961-06:00" level=info msg="No non-localhost DNS nameservers are left in resolv.conf. Using default external servers"
time="2025-06-09T18:42:54.561289736-06:00" level=error msg="failed to enable controllers ([cpuset cpu io memory hugetlb pids rdma])" error="failed to write subtree controllers [cpuset cpu io memory hugetlb pids rdma] to \"/sys/fs/cgroup/docker/cgroup.subtree_control\": write /sys/fs/cgroup/docker/cgroup.subtree_control: no such file or directory"
time="2025-06-09T18:42:54.561527346-06:00" level=warning msg="error from *cgroupsv2.Manager.EventChan" error="failed to add inotify watch for \"/sys/fs/cgroup/docker/5c4fcc591a041a857154565eadb7884e361980c3728d022613789acedd4289ab/memory.events\": no such file or directory"
time="2025-06-09T18:42:54.605114622-06:00" level=info msg="No non-localhost DNS nameservers are left in resolv.conf. Using default external servers"
time="2025-06-09T18:42:54.611095080-06:00" level=error msg="failed to enable controllers ([cpuset cpu io memory hugetlb pids rdma])" error="failed to write subtree controllers [cpuset cpu io memory hugetlb pids rdma] to \"/sys/fs/cgroup/docker/cgroup.subtree_control\": write /sys/fs/cgroup/docker/cgroup.subtree_control: no such file or directory"
time="2025-06-09T18:42:54.611802210-06:00" level=warning msg="error from *cgroupsv2.Manager.EventChan" error="failed to add inotify watch for \"/sys/fs/cgroup/docker/b893ab2535fc30788cadaef4e47c4d88a46b990fbbd65905e433a073d5aa915e/memory.events\": no such file or directory"
time="2025-06-09T18:42:54.668256140-06:00" level=error msg="failed to enable controllers ([cpuset cpu io memory hugetlb pids rdma])" error="failed to write subtree controllers [cpuset cpu io memory hugetlb pids rdma] to \"/sys/fs/cgroup/docker/cgroup.subtree_control\": write /sys/fs/cgroup/docker/cgroup.subtree_control: no such file or directory"
time="2025-06-09T18:42:54.668789263-06:00" level=warning msg="error from *cgroupsv2.Manager.EventChan" error="failed to add inotify watch for \"/sys/fs/cgroup/docker/23167191df2d23f415595daaead174a03cb3806b4277a2d3e785105abe290bf8/memory.events\": no such file or directory"
time="2025-06-09T18:42:54.974688228-06:00" level=error msg="failed to enable controllers ([cpuset cpu io memory hugetlb pids rdma])" error="failed to write subtree controllers [cpuset cpu io memory hugetlb pids rdma] to \"/sys/fs/cgroup/docker/cgroup.subtree_control\": write /sys/fs/cgroup/docker/cgroup.subtree_control: no such file or directory"
time="2025-06-09T18:42:54.974984641-06:00" level=warning msg="error from *cgroupsv2.Manager.EventChan" error="failed to add inotify watch for \"/sys/fs/cgroup/docker/143082f4058d0dbcde2e54695c7d0b56c775722599ed1904f666adab076f8bac/memory.events\": no such file or directory"
time="2025-06-09T18:42:55.028671051-06:00" level=error msg="failed to enable controllers ([cpuset cpu io memory hugetlb pids rdma])" error="failed to write subtree controllers [cpuset cpu io memory hugetlb pids rdma] to \"/sys/fs/cgroup/docker/cgroup.subtree_control\": write /sys/fs/cgroup/docker/cgroup.subtree_control: no such file or directory"
time="2025-06-09T18:42:55.029300778-06:00" level=warning msg="error from *cgroupsv2.Manager.EventChan" error="failed to add inotify watch for \"/sys/fs/cgroup/docker/cdbb55f376adcb8feac1ad6624f7713e3b79e550447f415ae54f80ca724f60ee/memory.events\": no such file or directory"
time="2025-06-09T18:42:55.084003733-06:00" level=error msg="failed to enable controllers ([cpuset cpu io memory hugetlb pids rdma])" error="failed to write subtree controllers [cpuset cpu io memory hugetlb pids rdma] to \"/sys/fs/cgroup/docker/cgroup.subtree_control\": write /sys/fs/cgroup/docker/cgroup.subtree_control: no such file or directory"
time="2025-06-09T18:42:55.084315646-06:00" level=warning msg="error from *cgroupsv2.Manager.EventChan" error="failed to add inotify watch for \"/sys/fs/cgroup/docker/0a8cf10841ba87acfb7776e3fee0ca1807b7c2b0b14eb4d9adc5b19710a55365/memory.events\": no such file or directory"
time="2025-06-09T18:42:55.101228674-06:00" level=info msg="Loading containers: done."
time="2025-06-09T18:42:55.483186512-06:00" level=info msg="Docker daemon" commit=45873be containerd-snapshotter=false storage-driver=overlay2 version=28.2.2
time="2025-06-09T18:42:55.483648232-06:00" level=info msg="Initializing buildkit"
time="2025-06-09T18:42:55.486065336-06:00" level=warning msg="CDI setup error /var/run/cdi: failed to monitor for changes: no such file or directory"
time="2025-06-09T18:42:55.486407751-06:00" level=warning msg="CDI setup error /etc/cdi: failed to monitor for changes: no such file or directory"
time="2025-06-09T18:42:55.545350788-06:00" level=info msg="Completed buildkit initialization"
time="2025-06-09T18:42:55.556946987-06:00" level=info msg="Daemon has completed initialization"
time="2025-06-09T18:42:55.557231399-06:00" level=info msg="API listen on /var/run/docker.sock"
