time="2025-06-08T19:03:36.991844893-06:00" level=info msg="Starting up"
time="2025-06-08T19:03:36.993747466-06:00" level=info msg="containerd not running, starting managed containerd"
time="2025-06-08T19:03:36.995672840-06:00" level=info msg="started new containerd process" address=/var/run/docker/containerd/containerd.sock module=libcontainerd pid=5266
time="2025-06-08T19:03:37.022439766-06:00" level=info msg="starting containerd" revision=05044ec0a9a75232cad458027ca83437aae3f4da version=1.7.27
time="2025-06-08T19:03:37.036684212-06:00" level=info msg="loading plugin \"io.containerd.snapshotter.v1.aufs\"..." type=io.containerd.snapshotter.v1
time="2025-06-08T19:03:37.037112328-06:00" level=info msg="skip loading plugin \"io.containerd.snapshotter.v1.aufs\"..." error="aufs is not supported (modprobe aufs failed: exec: \"modprobe\": executable file not found in $PATH \"\"): skip plugin" type=io.containerd.snapshotter.v1
time="2025-06-08T19:03:37.037318136-06:00" level=info msg="loading plugin \"io.containerd.event.v1.exchange\"..." type=io.containerd.event.v1
time="2025-06-08T19:03:37.037482343-06:00" level=info msg="loading plugin \"io.containerd.internal.v1.opt\"..." type=io.containerd.internal.v1
time="2025-06-08T19:03:37.039715628-06:00" level=info msg="loading plugin \"io.containerd.warning.v1.deprecations\"..." type=io.containerd.warning.v1
time="2025-06-08T19:03:37.039878334-06:00" level=info msg="loading plugin \"io.containerd.snapshotter.v1.blockfile\"..." type=io.containerd.snapshotter.v1
time="2025-06-08T19:03:37.040093043-06:00" level=info msg="skip loading plugin \"io.containerd.snapshotter.v1.blockfile\"..." error="no scratch file generator: skip plugin" type=io.containerd.snapshotter.v1
time="2025-06-08T19:03:37.040270149-06:00" level=info msg="loading plugin \"io.containerd.snapshotter.v1.btrfs\"..." type=io.containerd.snapshotter.v1
time="2025-06-08T19:03:37.040649064-06:00" level=info msg="skip loading plugin \"io.containerd.snapshotter.v1.btrfs\"..." error="path /var/lib/docker/containerd/daemon/io.containerd.snapshotter.v1.btrfs (ext4) must be a btrfs filesystem to be used with the btrfs snapshotter: skip plugin" type=io.containerd.snapshotter.v1
time="2025-06-08T19:03:37.040823071-06:00" level=info msg="loading plugin \"io.containerd.snapshotter.v1.devmapper\"..." type=io.containerd.snapshotter.v1
time="2025-06-08T19:03:37.040991877-06:00" level=info msg="skip loading plugin \"io.containerd.snapshotter.v1.devmapper\"..." error="devmapper not configured: skip plugin" type=io.containerd.snapshotter.v1
time="2025-06-08T19:03:37.041171884-06:00" level=info msg="loading plugin \"io.containerd.snapshotter.v1.native\"..." type=io.containerd.snapshotter.v1
time="2025-06-08T19:03:37.041377092-06:00" level=info msg="loading plugin \"io.containerd.snapshotter.v1.overlayfs\"..." type=io.containerd.snapshotter.v1
time="2025-06-08T19:03:37.041686404-06:00" level=info msg="loading plugin \"io.containerd.snapshotter.v1.zfs\"..." type=io.containerd.snapshotter.v1
time="2025-06-08T19:03:37.041994315-06:00" level=info msg="skip loading plugin \"io.containerd.snapshotter.v1.zfs\"..." error="path /var/lib/docker/containerd/daemon/io.containerd.snapshotter.v1.zfs must be a zfs filesystem to be used with the zfs snapshotter: skip plugin" type=io.containerd.snapshotter.v1
time="2025-06-08T19:03:37.042151621-06:00" level=info msg="loading plugin \"io.containerd.content.v1.content\"..." type=io.containerd.content.v1
time="2025-06-08T19:03:37.042331228-06:00" level=info msg="loading plugin \"io.containerd.metadata.v1.bolt\"..." type=io.containerd.metadata.v1
time="2025-06-08T19:03:37.042523536-06:00" level=info msg="metadata content store policy set" policy=shared
time="2025-06-08T19:03:37.045931966-06:00" level=info msg="loading plugin \"io.containerd.gc.v1.scheduler\"..." type=io.containerd.gc.v1
time="2025-06-08T19:03:37.046127674-06:00" level=info msg="loading plugin \"io.containerd.differ.v1.walking\"..." type=io.containerd.differ.v1
time="2025-06-08T19:03:37.046277080-06:00" level=info msg="loading plugin \"io.containerd.lease.v1.manager\"..." type=io.containerd.lease.v1
time="2025-06-08T19:03:37.046496488-06:00" level=info msg="loading plugin \"io.containerd.streaming.v1.manager\"..." type=io.containerd.streaming.v1
time="2025-06-08T19:03:37.046673395-06:00" level=info msg="loading plugin \"io.containerd.runtime.v1.linux\"..." type=io.containerd.runtime.v1
time="2025-06-08T19:03:37.047339320-06:00" level=info msg="loading plugin \"io.containerd.monitor.v1.cgroups\"..." type=io.containerd.monitor.v1
time="2025-06-08T19:03:37.047731735-06:00" level=info msg="loading plugin \"io.containerd.runtime.v2.task\"..." type=io.containerd.runtime.v2
time="2025-06-08T19:03:37.048365560-06:00" level=info msg="loading plugin \"io.containerd.runtime.v2.shim\"..." type=io.containerd.runtime.v2
time="2025-06-08T19:03:37.048558867-06:00" level=info msg="loading plugin \"io.containerd.sandbox.store.v1.local\"..." type=io.containerd.sandbox.store.v1
time="2025-06-08T19:03:37.048715073-06:00" level=info msg="loading plugin \"io.containerd.sandbox.controller.v1.local\"..." type=io.containerd.sandbox.controller.v1
time="2025-06-08T19:03:37.048874379-06:00" level=info msg="loading plugin \"io.containerd.service.v1.containers-service\"..." type=io.containerd.service.v1
time="2025-06-08T19:03:37.049046686-06:00" level=info msg="loading plugin \"io.containerd.service.v1.content-service\"..." type=io.containerd.service.v1
time="2025-06-08T19:03:37.049200392-06:00" level=info msg="loading plugin \"io.containerd.service.v1.diff-service\"..." type=io.containerd.service.v1
time="2025-06-08T19:03:37.049401999-06:00" level=info msg="loading plugin \"io.containerd.service.v1.images-service\"..." type=io.containerd.service.v1
time="2025-06-08T19:03:37.049559105-06:00" level=info msg="loading plugin \"io.containerd.service.v1.introspection-service\"..." type=io.containerd.service.v1
time="2025-06-08T19:03:37.049720912-06:00" level=info msg="loading plugin \"io.containerd.service.v1.namespaces-service\"..." type=io.containerd.service.v1
time="2025-06-08T19:03:37.049902519-06:00" level=info msg="loading plugin \"io.containerd.service.v1.snapshots-service\"..." type=io.containerd.service.v1
time="2025-06-08T19:03:37.050093326-06:00" level=info msg="loading plugin \"io.containerd.service.v1.tasks-service\"..." type=io.containerd.service.v1
time="2025-06-08T19:03:37.050261532-06:00" level=info msg="loading plugin \"io.containerd.grpc.v1.containers\"..." type=io.containerd.grpc.v1
time="2025-06-08T19:03:37.050434539-06:00" level=info msg="loading plugin \"io.containerd.grpc.v1.content\"..." type=io.containerd.grpc.v1
time="2025-06-08T19:03:37.050637147-06:00" level=info msg="loading plugin \"io.containerd.grpc.v1.diff\"..." type=io.containerd.grpc.v1
time="2025-06-08T19:03:37.050793453-06:00" level=info msg="loading plugin \"io.containerd.grpc.v1.events\"..." type=io.containerd.grpc.v1
time="2025-06-08T19:03:37.050973260-06:00" level=info msg="loading plugin \"io.containerd.grpc.v1.images\"..." type=io.containerd.grpc.v1
time="2025-06-08T19:03:37.051145766-06:00" level=info msg="loading plugin \"io.containerd.grpc.v1.introspection\"..." type=io.containerd.grpc.v1
time="2025-06-08T19:03:37.051310973-06:00" level=info msg="loading plugin \"io.containerd.grpc.v1.leases\"..." type=io.containerd.grpc.v1
time="2025-06-08T19:03:37.051472579-06:00" level=info msg="loading plugin \"io.containerd.grpc.v1.namespaces\"..." type=io.containerd.grpc.v1
time="2025-06-08T19:03:37.051627985-06:00" level=info msg="loading plugin \"io.containerd.grpc.v1.sandbox-controllers\"..." type=io.containerd.grpc.v1
time="2025-06-08T19:03:37.051784691-06:00" level=info msg="loading plugin \"io.containerd.grpc.v1.sandboxes\"..." type=io.containerd.grpc.v1
time="2025-06-08T19:03:37.051967198-06:00" level=info msg="loading plugin \"io.containerd.grpc.v1.snapshots\"..." type=io.containerd.grpc.v1
time="2025-06-08T19:03:37.052124804-06:00" level=info msg="loading plugin \"io.containerd.grpc.v1.streaming\"..." type=io.containerd.grpc.v1
time="2025-06-08T19:03:37.052270109-06:00" level=info msg="loading plugin \"io.containerd.grpc.v1.tasks\"..." type=io.containerd.grpc.v1
time="2025-06-08T19:03:37.052468417-06:00" level=info msg="loading plugin \"io.containerd.transfer.v1.local\"..." type=io.containerd.transfer.v1
time="2025-06-08T19:03:37.052640023-06:00" level=info msg="loading plugin \"io.containerd.grpc.v1.transfer\"..." type=io.containerd.grpc.v1
time="2025-06-08T19:03:37.052806030-06:00" level=info msg="loading plugin \"io.containerd.grpc.v1.version\"..." type=io.containerd.grpc.v1
time="2025-06-08T19:03:37.053031438-06:00" level=info msg="loading plugin \"io.containerd.internal.v1.restart\"..." type=io.containerd.internal.v1
time="2025-06-08T19:03:37.053249647-06:00" level=info msg="loading plugin \"io.containerd.tracing.processor.v1.otlp\"..." type=io.containerd.tracing.processor.v1
time="2025-06-08T19:03:37.053414053-06:00" level=info msg="skip loading plugin \"io.containerd.tracing.processor.v1.otlp\"..." error="skip plugin: tracing endpoint not configured" type=io.containerd.tracing.processor.v1
time="2025-06-08T19:03:37.053588560-06:00" level=info msg="loading plugin \"io.containerd.internal.v1.tracing\"..." type=io.containerd.internal.v1
time="2025-06-08T19:03:37.053783667-06:00" level=info msg="skip loading plugin \"io.containerd.internal.v1.tracing\"..." error="skip plugin: tracing endpoint not configured" type=io.containerd.internal.v1
time="2025-06-08T19:03:37.053937773-06:00" level=info msg="loading plugin \"io.containerd.grpc.v1.healthcheck\"..." type=io.containerd.grpc.v1
time="2025-06-08T19:03:37.054115180-06:00" level=info msg="loading plugin \"io.containerd.nri.v1.nri\"..." type=io.containerd.nri.v1
time="2025-06-08T19:03:37.054259486-06:00" level=info msg="NRI interface is disabled by configuration."
time="2025-06-08T19:03:37.054695702-06:00" level=info msg=serving... address=/var/run/docker/containerd/containerd-debug.sock
time="2025-06-08T19:03:37.055005914-06:00" level=info msg=serving... address=/var/run/docker/containerd/containerd.sock.ttrpc
time="2025-06-08T19:03:37.055253724-06:00" level=info msg=serving... address=/var/run/docker/containerd/containerd.sock
time="2025-06-08T19:03:37.055424530-06:00" level=info msg="containerd successfully booted in 0.034632s"
time="2025-06-08T19:03:37.059806298-06:00" level=info msg="OTEL tracing is not configured, using no-op tracer provider"
time="2025-06-08T19:03:37.077621081-06:00" level=info msg="Creating a containerd client" address=/var/run/docker/containerd/containerd.sock timeout=1m0s
time="2025-06-08T19:03:38.197210691-06:00" level=info msg="[graphdriver] using prior storage driver: overlay2"
time="2025-06-08T19:03:38.203993751-06:00" level=info msg="Loading containers: start."
time="2025-06-08T19:03:38.553505946-06:00" level=info msg="Removing stale sandbox" cid=b5c0b051321e isRestore=false sid=c2fea2680870
time="2025-06-08T19:03:38.661765695-06:00" level=warning msg="Failed deleting service host entries to the running container: open : no such file or directory"
time="2025-06-08T19:03:38.661986304-06:00" level=warning msg="Error (Unable to complete atomic operation, key modified) deleting object [endpoint 5255f0797c6d1186bf7653463cf3876491e7852e1b28823e094910096ec05136 930057a89539413db9875b27696273da1f651ea05e4edb98e70e974b597ce1cf], retrying...."
time="2025-06-08T19:03:39.042751697-06:00" level=warning msg="Error (Unable to complete atomic operation, key modified) deleting object [endpoint_count f77f29016d1e19dc37452e2251f575ac53e635adb4c4cecbdd548053ce5f5af4], retrying...."
time="2025-06-08T19:03:39.103001006-06:00" level=warning msg="error locating sandbox id c2fea2680870f9fd777088b2d2ab0e0522336e8a1fefdaf2b7fcff24e3a5a3c9: sandbox c2fea2680870f9fd777088b2d2ab0e0522336e8a1fefdaf2b7fcff24e3a5a3c9 not found"
time="2025-06-08T19:03:39.270022407-06:00" level=info msg="No non-localhost DNS nameservers are left in resolv.conf. Using default external servers"
time="2025-06-08T19:03:39.390711033-06:00" level=error msg="failed to enable controllers ([cpuset cpu io memory hugetlb pids rdma])" error="failed to write subtree controllers [cpuset cpu io memory hugetlb pids rdma] to \"/sys/fs/cgroup/docker/cgroup.subtree_control\": write /sys/fs/cgroup/docker/cgroup.subtree_control: no such file or directory"
time="2025-06-08T19:03:39.390942042-06:00" level=warning msg="error from *cgroupsv2.Manager.EventChan" error="failed to add inotify watch for \"/sys/fs/cgroup/docker/b5c0b051321e5838b7de2e24b8aa8836d0e346a4e0143bc6e8901707db2715f5/memory.events\": no such file or directory"
time="2025-06-08T19:03:39.401968864-06:00" level=info msg="Loading containers: done."
time="2025-06-08T19:03:39.421190301-06:00" level=info msg="Docker daemon" commit=45873be containerd-snapshotter=false storage-driver=overlay2 version=28.2.2
time="2025-06-08T19:03:39.421452911-06:00" level=info msg="Initializing buildkit"
time="2025-06-08T19:03:39.423413186-06:00" level=warning msg="CDI setup error /var/run/cdi: failed to monitor for changes: no such file or directory"
time="2025-06-08T19:03:39.423574693-06:00" level=warning msg="CDI setup error /etc/cdi: failed to monitor for changes: no such file or directory"
time="2025-06-08T19:03:39.456697162-06:00" level=info msg="Completed buildkit initialization"
time="2025-06-08T19:03:39.460130994-06:00" level=info msg="Daemon has completed initialization"
time="2025-06-08T19:03:39.460357502-06:00" level=info msg="API listen on /var/run/docker.sock"
